Requesting: facebook.com
Requesting: youtube.com
Requesting: yahoo.com
Requesting: live.com
Requesting: wikipedia.org
Requesting: msn.com
Requesting: baidu.com
Requesting: blogspot.com
Requesting: microsoft.com
Requesting: qq.com
Requesting: taobao.com
Requesting: facebook.com
Requesting: amazon.com
Requesting: ifeng.com
Requesting: paipai.com
Requesting: facebook.com
Requesting: hotmail.com
Requesting: bing.com
Requesting: sina.com.cn
Requesting: youtube.com
Requesting: yahoo.com
Requesting: wordpress.com
Requesting: amazon.com
Requesting: goo.ne.jp
Requesting: amazon.com
Requesting: 360.cn
Requesting: ifeng.com
Requesting: goo.ne.jp
Requesting: bbc.co.uk
Requesting: tudou.com
Requesting: wordpress.com
Requesting: bbc.co.uk
Requesting: alipay.com
Requesting: wordpress.com
Requesting: craigslist.org
Requesting: youtube.com
Requesting: yandex.ru
Requesting: soso.com
Requesting: live.com
Requesting: yahoo.co.jp
Requesting: tudou.com
Requesting: yandex.ru
Requesting: softonic.com
Requesting: tudou.com
Requesting: weather.com
Requesting: yahoo.com
Requesting: myspace.com
Requesting: 163.com
Requesting: wikipedia.org
Requesting: sohu.com
Requesting: yahoo.co.jp
Requesting: myspace.com
Requesting: nifty.com
Requesting: yahoo.co.jp
Requesting: soku.com
Requesting: live.com
Requesting: mail.ru
Requesting: ask.com
Requesting: msn.com
Requesting: apple.com
Requesting: sohu.com
Requesting: mail.ru
Requesting: imageshack.us
Requesting: sohu.com
Requesting: alibaba.com
Requesting: wikipedia.org
Requesting: cnet.com
Requesting: adobe.com
Requesting: baidu.com
Requesting: hao123.com
Requesting: apple.com
Requesting: cnet.com
Requesting: cnn.com
Requesting: apple.com
Requesting: megaupload.com
Requesting: msn.com
Requesting: go.com
Requesting: twitter.com
Requesting: blogspot.com
Requesting: windows.com
Requesting: hao123.com
Requesting: go.com
Requesting: tianya.cn
Requesting: hao123.com
Requesting: renren.com
Requesting: baidu.com
Requesting: 4399.com
Requesting: mozilla.com
Requesting: microsoft.com
Requesting: ebay.com
Requesting: windows.com
Requesting: 4399.com
Requesting: mywebsearch.com
Requesting: windows.com
Requesting: livedoor.jp
Requesting: blogspot.com
Requesting: orkut.com
Requesting: youku.com
Requesting: qq.com
Requesting: pps.tv
Requesting: ebay.com
Requesting: orkut.com
Requesting: zynga.com
Requesting: ebay.com
Requesting: blogger.com
Requesting: microsoft.com
Requesting: skype.com
Requesting: sdjjdsaf.com
Requesting: taobao.com
Requesting: xunlei.com
Requesting: pps.tv
Requesting: skype.com
Requesting: partypoker.com
Requesting: pps.tv
Requesting: vkontakte.ru
Requesting: qq.com
Requesting: ameblo.jp
Requesting: andysayler.com
Requesting: bing.com
Requesting: 56.com
Requesting: xunlei.com
Requesting: ameblo.jp
Requesting: hp.com
Requesting: xunlei.com
Requesting: answers.com
Requesting: taobao.com
Requesting: naver.com
Requesting: wmfo.org
Requesting: sina.com.cn
Requesting: fc2.com
Requesting: 56.com
Requesting: naver.com
Requesting: walmart.com
Requesting: 56.com
Requesting: rapidshare.com
Requesting: bing.com
Requesting: flickr.com
Requesting: hotmail.com
Requesting: soso.com
Requesting: paypal.com
Requesting: fc2.com
Requesting: flickr.com
Requesting: kugou.com
Requesting: fc2.com
Requesting: daum.net
Requesting: sina.com.cn
Requesting: 4shared.com
Requesting: 360.cn
Requesting: 163.com
Requesting: sogou.com
Requesting: paypal.com
Requesting: 4shared.com
Requesting: ebay.de
Requesting: paypal.com
Requesting: 7k7k.com
Requesting: soso.com
Requesting: amazon.co.jp
Requesting: craigslist.org
Requesting: ask.com
Requesting: tmall.com
Requesting: sogou.com
Requesting: amazon.co.jp
Requesting: youdao.com
Requesting: sogou.com
Requesting: 2345.com
Requesting: 163.com
Requesting: linkedin.com
Requesting: weather.com
Requesting: adobe.com
Requesting: ku6.com
Requesting: tmall.com
Requesting: linkedin.com
Requesting: hotfile.com
Requesting: tmall.com
Requesting: photobucket.com
Requesting: ask.com
Requesting: dailymotion.com
Requesting: soku.com
Requesting: twitter.com
Requesting: rakuten.co.jp
Requesting: ku6.com
Requesting: dailymotion.com
Requesting: qiyi.com
Requesting: ku6.com
Requesting: mediafire.com
Requesting: adobe.com
Requesting: imdb.com
Requesting: alibaba.com
Requesting: mozilla.com
Requesting: about.com
Requesting: rakuten.co.jp
Requesting: imdb.com
Requesting: pconline.com.cn
Requesting: rakuten.co.jp
Requesting: ehow.com
Requesting: twitter.com
Requesting: aol.com
Requesting: megaupload.com
Requesting: youku.com
Requesting: orkut.com.br
Requesting: about.com
Requesting: aol.com
Requesting: odnoklassniki.ru
Requesting: about.com
Requesting: seesaa.net
Requesting: mozilla.com
Requesting: paipai.com
Requesting: renren.com
Requesting: sdjjdsaf.com
Requesting: ifeng.com
Requesting: orkut.com.br
Requesting: facebook.com
Requesting: jp.msn.com
Requesting: orkut.com.br
Requesting: amazon.com
Requesting: youku.com
Requesting: alipay.com
Requesting: livedoor.jp
Requesting: andysayler.com
Requesting: goo.ne.jp
Requesting: ifeng.com
Requesting: youtube.com
Requesting: hotmail.com
Requesting: paipai.com
Requesting: wordpress.com
Requesting: sdjjdsaf.com
Requesting: softonic.com
Requesting: blogger.com
Requesting: wmfo.org
Requesting: bbc.co.uk
Requesting: goo.ne.jp
Requesting: yahoo.com
Requesting: 360.cn
Requesting: alipay.com
Requesting: tudou.com
Requesting: andysayler.com
Requesting: nifty.com
Requesting: vkontakte.ru
Requesting: hotmail.com
Requesting: yandex.ru
Requesting: bbc.co.uk
Requesting: live.com
Requesting: craigslist.org
Requesting: softonic.com
Requesting: yahoo.co.jp
Requesting: wmfo.org
Requesting: imageshack.us
Requesting: answers.com
Requesting: 360.cn
Requesting: myspace.com
Requesting: yandex.ru
Requesting: wikipedia.org
Requesting: weather.com
Requesting: nifty.com
Requesting: sohu.com
Requesting: facebook.com
Requesting: cnn.com
Requesting: rapidshare.com
Requesting: craigslist.org
Requesting: mail.ru
Requesting: myspace.com
Requesting: msn.com
Requesting: soku.com
Requesting: imageshack.us
Requesting: apple.com
Requesting: youtube.com
Requesting: tianya.cn
Requesting: daum.net
Requesting: weather.com
Requesting: cnet.com
Requesting: mail.ru
Requesting: baidu.com
Requesting: alibaba.com
Requesting: cnn.com
Requesting: hao123.com
Requesting: yahoo.com
Requesting: mywebsearch.com
Requesting: 7k7k.com
Requesting: soku.com
Requesting: go.com
Requesting: cnet.com
Requesting: blogspot.com
Requesting: megaupload.com
Requesting: tianya.cn
Requesting: windows.com
Requesting: live.com
Requesting: zynga.com
Requesting: 2345.com
Requesting: alibaba.com
Requesting: 4399.com
Requesting: go.com
Requesting: microsoft.com
Requesting: renren.com
Requesting: mywebsearch.com
Requesting: ebay.com
Requesting: wikipedia.org
Requesting: partypoker.com
Requesting: photobucket.com
Requesting: megaupload.com
Requesting: orkut.com
Requesting: 4399.com
Requesting: qq.com
Requesting: livedoor.jp
Requesting: zynga.com
Requesting: pps.tv
Requesting: msn.com
Requesting: hp.com
Requesting: mediafire.com
Requesting: renren.com
Requesting: skype.com
Requesting: orkut.com
Requesting: taobao.com
Requesting: blogger.com
Requesting: partypoker.com
Requesting: xunlei.com
Requesting: baidu.com
Requesting: walmart.com
Requesting: ehow.com
Requesting: livedoor.jp
Requesting: ameblo.jp
Requesting: skype.com
Requesting: bing.com
Requesting: vkontakte.ru
Requesting: hp.com
Requesting: 56.com
Requesting: blogspot.com
Requesting: kugou.com
Requesting: seesaa.net
Requesting: blogger.com
Requesting: naver.com
Requesting: ameblo.jp
Requesting: sina.com.cn
Requesting: answers.com
Requesting: walmart.com
Requesting: fc2.com
Requesting: microsoft.com
Requesting: ebay.de
Requesting: amazon.com
Requesting: vkontakte.ru
Requesting: flickr.com
Requesting: naver.com
Requesting: soso.com
Requesting: rapidshare.com
Requesting: kugou.com
Requesting: paypal.com
Requesting: qq.com
Requesting: youdao.com
Requesting: wordpress.com
Requesting: answers.com
Requesting: 4shared.com
Requesting: flickr.com
Requesting: 163.com
Requesting: daum.net
Requesting: ebay.de
Requesting: sogou.com
Requesting: taobao.com
Requesting: hotfile.com
Requesting: tudou.com
Requesting: rapidshare.com
Requesting: amazon.co.jp
Requesting: 4shared.com
Requesting: ask.com
Requesting: 7k7k.com
Requesting: youdao.com
Requesting: tmall.com
Requesting: bing.com
Requesting: qiyi.com
Requesting: yahoo.co.jp
Requesting: daum.net
Requesting: linkedin.com
Requesting: amazon.co.jp
Requesting: adobe.com
Requesting: 2345.com
Requesting: hotfile.com
Requesting: ku6.com
Requesting: sina.com.cn
Requesting: pconline.com.cn
Requesting: sohu.com
Requesting: 7k7k.com
Requesting: dailymotion.com
Requesting: linkedin.com
Requesting: twitter.com
Requesting: photobucket.com
Requesting: qiyi.com
Requesting: rakuten.co.jp
Requesting: soso.com
Requesting: odnoklassniki.ru
Requesting: apple.com
Requesting: 2345.com
Requesting: imdb.com
Requesting: dailymotion.com
Requesting: mozilla.com
Requesting: mediafire.com
Requesting: pconline.com.cn
Requesting: about.com
Requesting: 163.com
Requesting: jp.msn.com
Requesting: hao123.com
Requesting: photobucket.com
Requesting: aol.com
Requesting: imdb.com
Requesting: youku.com
Requesting: ehow.com
Requesting: odnoklassniki.ru
Requesting: orkut.com.br
Requesting: ask.com
Requesting: ifeng.com
Requesting: windows.com
Requesting: mediafire.com
Requesting: hotmail.com
Requesting: aol.com
Requesting: sdjjdsaf.com
Requesting: seesaa.net
Requesting: jp.msn.com
Requesting: paipai.com
Requesting: adobe.com
Requesting: goo.ne.jp
Requesting: ebay.com
Requesting: ehow.com
Requesting: 360.cn
Requesting: paipai.com
Requesting: andysayler.com
Requesting: facebook.com
Requesting: amazon.com
Requesting: alipay.com
Requesting: twitter.com
Requesting: bbc.co.uk
Requesting: pps.tv
Requesting: seesaa.net
Requesting: craigslist.org
Requesting: alipay.com
Requesting: wmfo.org
Requesting: youtube.com
Requesting: wordpress.com
Requesting: softonic.com
Requesting: mozilla.com
Requesting: yandex.ru
Requesting: xunlei.com
Requesting: ifeng.com
Requesting: weather.com
Requesting: softonic.com
Requesting: hotmail.com
Requesting: yahoo.com
Requesting: tudou.com
Requesting: nifty.com
Requesting: youku.com
Requesting: myspace.com
Requesting: 56.com
Requesting: goo.ne.jp
Requesting: soku.com
Requesting: nifty.com
Requesting: 360.cn
Requesting: live.com
Requesting: yahoo.co.jp
Requesting: imageshack.us
Requesting: sdjjdsaf.com
Requesting: mail.ru
Requesting: fc2.com
Requesting: bbc.co.uk
Requesting: alibaba.com
Requesting: imageshack.us
Requesting: craigslist.org
Requesting: wikipedia.org
Requesting: sohu.com
Requesting: cnn.com
Requesting: andysayler.com
Requesting: cnet.com
Requesting: paypal.com
Requesting: yandex.ru
Requesting: megaupload.com
Requesting: cnn.com
Requesting: weather.com
Requesting: msn.com
Requesting: apple.com
Requesting: tianya.cn
Requesting: wmfo.org
Requesting: go.com
Requesting: sogou.com
Requesting: myspace.com
Requesting: renren.com
Requesting: tianya.cn
Requesting: soku.com
Requesting: baidu.com
Requesting: hao123.com
Requesting: mywebsearch.com
Requesting: paipai.com
Requesting: 4399.com
Requesting: tmall.com
Requesting: mail.ru
Requesting: livedoor.jp
Requesting: mywebsearch.com
Requesting: alibaba.com
Requesting: blogspot.com
Requesting: windows.com
Requesting: zynga.com
Requesting: alipay.com
Requesting: orkut.com
Requesting: ku6.com
Requesting: cnet.com
Requesting: blogger.com
Requesting: zynga.com
Requesting: megaupload.com
Requesting: microsoft.com
Requesting: ebay.com
Requesting: partypoker.com
Requesting: softonic.com
Requesting: skype.com
Requesting: rakuten.co.jp
Requesting: go.com
Requesting: vkontakte.ru
Requesting: partypoker.com
Requesting: renren.com
Requesting: qq.com
Requesting: pps.tv
Requesting: hp.com
Requesting: nifty.com
Requesting: ameblo.jp
Requesting: about.com
Requesting: 4399.com
Requesting: answers.com
Requesting: hp.com
Requesting: livedoor.jp
Requesting: taobao.com
Requesting: xunlei.com
Requesting: walmart.com
Requesting: imageshack.us
Requesting: naver.com
Requesting: orkut.com.br
Requesting: orkut.com
Requesting: rapidshare.com
Requesting: walmart.com
Requesting: blogger.com
Requesting: bing.com
Requesting: 56.com
Requesting: kugou.com
Requesting: cnn.com
Requesting: flickr.com
Requesting: skype.com
Requesting: daum.net
Requesting: kugou.com
Requesting: vkontakte.ru
Requesting: sina.com.cn
Requesting: fc2.com
Requesting: ebay.de
Requesting: tianya.cn
Requesting: 4shared.com
Requesting: ameblo.jp
Requesting: 7k7k.com
Requesting: ebay.de
Requesting: answers.com
Requesting: soso.com
Requesting: paypal.com
Requesting: youdao.com
Requesting: mywebsearch.com
Requesting: amazon.co.jp
Requesting: naver.com
Requesting: 2345.com
Requesting: youdao.com
Requesting: rapidshare.com
Requesting: 163.com
Requesting: sogou.com
Requesting: hotfile.com
Requesting: zynga.com
Requesting: linkedin.com
Requesting: flickr.com
Requesting: photobucket.com
Requesting: hotfile.com
Requesting: daum.net
Requesting: ask.com
Requesting: tmall.com
Requesting: qiyi.com
Requesting: partypoker.com
Requesting: dailymotion.com
Requesting: 4shared.com
Requesting: mediafire.com
Requesting: qiyi.com
Requesting: 7k7k.com
Requesting: adobe.com
Requesting: ku6.com
Requesting: pconline.com.cn
Requesting: hp.com
Requesting: imdb.com
Requesting: amazon.co.jp
Requesting: ehow.com
Requesting: pconline.com.cn
Requesting: 2345.com
Requesting: twitter.com
Requesting: rakuten.co.jp
Requesting: odnoklassniki.ru
Requesting: walmart.com
Requesting: aol.com
Requesting: linkedin.com
Requesting: seesaa.net
Requesting: odnoklassniki.ru
Requesting: photobucket.com
Requesting: mozilla.com
Requesting: about.com
Requesting: jp.msn.com
Requesting: kugou.com
Requesting: dailymotion.com
Requesting: jp.msn.com
Requesting: mediafire.com
Requesting: youku.com
Requesting: orkut.com.br
Requesting: ebay.de
Requesting: imdb.com
Requesting: ehow.com
Requesting: sdjjdsaf.com
Requesting: youdao.com
Requesting: aol.com
Requesting: seesaa.net
Requesting: andysayler.com
Requesting: hotfile.com
Requesting: wmfo.org
Requesting: qiyi.com
Requesting: pconline.com.cn
Requesting: odnoklassniki.ru
Requesting: jp.msn.com
